394696194
935938966
930967911
307469766
185193572
396637948
150446552
397996772
290743554
603904731
350839061
980405232
297572650
215331587
315521822
823006781
444063930
227051768
878471010
332359997
578196963
540910935
29394101
676726991
722105741
374952504
324956723
310591870
404280098
593842000
32112145
605659894
977529902
782230429
812836978
451636838
490135212
802391408
74554004
630818850
645451811
308841517
561301637
702442522
298512223
806801218
423896321
256166995
346593303
38191868
8628802
941747842
799451993
530132479
434213034
204741594
508123842
877578380
639818874
161036684
682363440
510462671
759395778
452969857
737516529
643770481
721279370
664623134
101483350
786439668
823775892
294029755
566307182
994818448
33694665
676679260
680752320
367384023
633518398
233399208
272202745
892962951
595099105
966192923
68922580
823535165
953313901
322430002
942925290
851703614
897618675
876364647
583686722
160518746
100093297
130078908
57792438
988988776
83600966
173302525
353615294
650773132
321507674
356092515
776561085
480180178
276073161
871176465
193492519
439499855
804487368
211295538
611621795
567659951
677703986
37549344
813383540
500310493
441947689
466421341
301461844
112103381
163318329
817484215
832392619
206091087
437747337
603795786
975586279
238695345
128488761
927046673
727043686
883613530
510599429
493694823
635015145
919215895
661111104
116319717
409608780
576914793
570913660
380154143
127667629
98240286
453508933
447009099
671483847
381955791
953538383
227654357
307621028
928143453
707178595
904235852
940780959
534864743
834033723
357831075
90201688
157535791
973295681
116392119
670414635
424759224
623206855
769539949
663312824
884418531
521661325
934922619
640552728
743932627
471241577
627084186
123435433
963281245
436943580
396948222
44265340
94062650
270666500
925012704
36993828
294107857
377937137
859581325
808929302
382496126
131934195
475952063
900204129
470082138
148773982
938470230
156911718
554867357
539057035
486213487
927500314
374743259
444520001
377420278
751081812
34964253
964238360
51852792
819735916
795545859
206815047
307342848
147934609
434823286
161259889
49316610
91716460
831880678
320767475
183339673
742275389
323606572
874144924
603258151
790422489
415659839
277510455
328223826
907535823
343571779
444929519
660120011
80937916
350112068
288282880
264519372
474599109
393577318
883851374
591276218
755671857
815691492
726787046
26792968
408604144
935870111
661258599
202499277
834292103
306850777
597173177
209202265
262798997
338281452
773460501
479341146
279030054
187964954
609776321
505753505
698292966
447136505
169039260
4205757
444076323
70890821
408575106
875590602
785826615
924324044
514401654
681356760
333909167
282623950
42083268
709557982
42652136
220768586
74849724
448095657
70567413
448947519
450662598
611026334
161535372
167211261
120598369
115986576
175248039
867578669
166983902
563407714
256490498
673822819
227558058
921843841
903245879
894724108
319598567
683109706
760823988
344558796
249466705
907987921
430801191
824836121
768293720
840965331
663754357
401738166
909234419
96338591
461883511
687576655
635251782
424208085
99998745
804862309
392488879
817568989
703751631
121591512
977131685
923491648
25320030
971214708
212747344
722765512
606330782
116997127
975201054
807147738
670658411
639982742
864075047
800748615
102966363
786581383
810054766
680018545
826672486
471571522
823462989
60595912
184447733
141185936
399428499
892424225
941501631
860746506
582055573
585310185
663160516
818463508
383178080
321012121
929734918
294436354
346009494
570565525
211145046
99179844
275421508
46581644
547768429
804505772
66699698
913554756
400335717
759807307
29167623
953184589
554143901
327322262
556563080
346254918
97719975
657036493
99508377
561496090
382011741
739220248
946068180
540363645
192974
695714961
257062883
298568491
437128115
555765960
17496660
945469742
971036964
436794144
942725245
7719454
95727715
406444461
315398299
199848401
90645301
896722452
939915790
272669
824872225
77007793
290267016
570499945
612066339
385770043
43557002
633515429
652958048
986299207
594921785
166149009
190601090
518720720
347843930
610306974
536015814
855427180
997345285
928426295
483833335
200320035
619790819
235909151
392246649
706482327
775271127
190400347
470289753
517410040
402254949
752120152
472572078
773304424
548100673
542872490
389513855
37467018
346709164
281504272
943180765
600137153
983972289
176632753
283467409
570101820
458565732
424909039
760165635
120875528
764669469
951010168
649343267
524599447
839632142
186007682
426504809
148477794
853281276
700129096
45688096
99534848
858766077
924772793
242137099
309702113
670131905
124690458
948632759
30450506
472949226
783668452
927778352
323669168
480837557
922678850
830527949
697911411
972667474
986947722
283278389
274170434
154902020
801857314
460252547
886068176
15491232
720722012
106213369
8044224
328252589
558539495
898673325
53128607
149141243
401620153
751282939
37153336
278667829
161615341
623056501
687544007
292357091
620179994
787783365
159671467
665222456
543391637
761884405
487988141
580927434
810231333
240800390
243941706
574832715
575380283
557945546
709563685
233251262
967124539
831189462
706146646
809823780
764870131
992899098
503122301
371665213
91601033
350392424
477682017
561971067
885909345
831010558
724994744
610608745
664332691
207227662
679093095
421441468
387695065
913914871
538499643
811315419
400190205
233364386
822491221
255563025
422170283
373824588
395038311
913151936
353898427
689353728
218462433
177310409
64824196
552549745
475345372
430527152
512138748
906031692
614202058
28343719
466869708
393190853
443199661
250430761
429069328
488052965
741429834
150541926
854107721
855346433
98710856
841490027
226437296
722608814
515607570
280209480
970019214
673695508
132135231
638779149
198583710
987127145
611760068
346399353
822673722
255204336
124382150
914817021
302587064
825205940
51958394
333412137
737559051
841043784
657273561
857441685
430176342
490688289
276118832
851421734
844249601
21954126
253955970
913570893
509979740
720406176
457305689
634885805
526016399
219098671
749624193
726591598
288525674
143003524
899987930
69989050
798952743
812738602
477002748
744335657
305122956
331488032
839180932
664985950
310485151
39738246
598948533
821831617
534225185
610156335
440433799
421963894
968797568
425641504
110752879
393408507
821164454
936627874
664402545
279410325
345258200
838554213
31524627
736514396
288954414
39284073
643006610
497537850
281718675
736250882
647132680
131770993
87332479
407324489
194808427
659292155
247536148
586255805
418272558
307819597
728884278
897494629
170675019
609217854
245701199
41566179
883399458
454882788
118979041
574515805
126290410
305525259
929971433
309428854
361629904
150748270
148910738
677911512
163301018
921974027
624993083
821487295
711523457
733927605
59927659
399627090
239173914
400282310
248243817
475622163
76777249
124626296
318161494
646383174
656561837
754166137
598445967
11412949
809943211
164832301
114237310
446731646
861057367
624736837
868281937
928876480
833494517
987023582
86329575
468702364
749994652
115579839
120858490
674758414
77479107
68290025
810357382
973083900
378317638
928172726
905630774
922617242
273433910
572143831
330838185
98729048
790309066
109711116
201517789
716433735
10965663
165812975
433034280
960213216
481969908
870442879
86793785
335222802
770015587
264661019
647188415
557729994
765274107
964161754
807745266
238673752
188359812
26497602
387299615
297485341
767653012
794061927
384611154
986123523
799627801
817741964
794718740
518313483
142834890
985757794
164018406
181866829
281430959
102736962
71159827
824352949
553451692
159749869
644107761
60051211
453514842
730241527
836624817
404695449
149156398
758599678
581729770
445590065
503865602
940109560
34164892
702322904
787387334
848391422
889235305
519937415
285723846
771499833
538004231
785889390
174862139
71904972
937504161
868330989
751393384
296037477
987232276
300392462
543399710
791510559
314500883
398023192
940257817
537709112
578282621
753717623
154705926
653197350
159331033
310128165
615709033
107722359
848470438
481562494
641759966
520030698
875419137
812451216
475908136
607738100
458318192
113453627
712637460
212305435
577450658
198328721
22217804
917979986
925200569
550219796
515522356
535859976
808023446
605741340
841442639
654975126
80432171
51448837
912627933
394565802
361975732
182229605
964046083
800181137
89774245
761774529
660021319
911386355
299778104
620615662
257868967
191545746
542141763
861361328
862769263
268508631
489294488
570758345
834744530
151738244
359061521
676135152
934668523
24984682
443603199
737508174
471891519
647314267
847065868
361443816
267825592
59452657
620455776
907729941
53402191
709149813
748041144
545234373
23354271
375129604
850305204
505050256
976528390
696268821
92876312
58119549
88560191
1663134
862903138
805126893
283479198
406453750
983892411
377967223
256156908
429483488
950416267
352795444
810290794
280515404
752406265
849637900
503047825
876810778
625944257
108418245
657622750
552587840
605749408
686710995
726693243
515586038
682072922
593199811
521095015
516088110
632619199
709214948
1488599
759172734
190010623
502776112
430783771
849762373
376232142
921980597
494030494
857269787
659929439
461435227
448713730
708940116
190400554
874951814
553102526
817601529
659576155
788805587
906825077
977685267
267352496
388976209
719840114
215640073
250142576
346594057
59735708
43049258
170442027
553437009
907046216
672661469
724722669
397087253
697709378
56101466
900524290
685538826
467101431
332967642
446193825
495094484
176163853
345071862
158912788
595612863
417394145
861543943
927646362
165511031
828631347
70859264
195990050
873129275
578618100
834949536
710723167
473087441
8909401
852159485
763023920
892288652
610791480
631642456
254741226
671131784
141447494
2397566
440661376
245939832
472401802
663576268
804968447
141876240
41062614
783251761
510310165
64233823
235620556
787197263
245508720
345702624
772078593
932990072
11290095
664318587
416600245
138908195
120511619
378270760
351248543
402907514
167138277
62394800
629807794
920215016
876550187
579470071
881420074
399163320
281166421
209853562
406375858
10167950
396102192
554949326
370148354
141517755
686254108
438373608
872922214
823901808
361180101
656395334
507939695
965028846
791785339
871661443
490497917
131257988
446459549
55765770
958152204
56552692
617876450
147051667
481929818
566772339
239337152
808927485
875635123
328382817
957796126
915348864
921252832
777845423
70943139
790453744
522737733
902047773
736167982
940998165
733075315
834251441
331557033
293586556
718243907
881728202
606006037
526707942
150456686
447132447
161981806
707998377
282379520
207750043
694599141
131980786
480195922
561734843
64361262
784271451
939426251
167398724
986115699
966920885
11938338
667150165
310881804
584475589
874652089
144154915
815991433
225743014
413686108
694148994
431661064
2430514
255729975
516544669
533313105
690990159
979589106
688994378
440808384
229623443
411668816
248520238
41419130
904904763
670506867
955570750
577713941
57935201
290855248
373601209
503745836
82931484
150629152
771423190
202687813
563919743
563765461
372837030
120876584
701859852
883309477
576041645
669069773
426866529
800487934
76625165
397584591
106608193
504230809
759557018
149172551
781291742
397753533
922420705
427871976
667994694
431595080
40221117
68328635
241767458
726765881
179351347
829741520
996497828
506733264
302462976
465741404
504286079
433735472
872068740
295320274
549012297
913038105
49507858
371924273
539872440
459289579
945380958
273016382
434571109
105341074
896424243
45344037
833006435
775517611
231608996
236509708
525158657
293371554
338491377
66830576
299217880
887530298
909083942
719209428
82457038
974299333
566450695
41592369
657034020
340526050
159009915
453823687
451819596
713227524
277935693
933540702
538651116
261298676
545258472
139106196
769098881
203807527
957737148
123942210
15077716
815773781
256822127
390812416
535043212
31411589
594850337
872125799
430109045
5057374
951526683
302133781
631591916
732171572
260611631
383245480
148800589
833043727
231495323
932945106
486363152
86220761
403109684
171276606
429237119
574224901
836193243
205855226
852970270
209108320
595359652
187228130
252820895
847373981
494310207
881219441
640166578
476648035
68148971
804430863
661760558
537319549
232256738
184929720
432477577
684987846
398990230
205567132
680967175
434186615
434666320
84173287
899991872
365088576
529098143
901414011
39726012
333451247
815546044
30323631
373092955
300988291
711466387
995381273
275910637
357669313
361219444
717961436
229560124
812069249
351101157
865293507
321076495
442138039
736944686
76279600
96595382
71787661
722935247
930445613
699205959
596439160
316839587
386764313
312798375
163515400
324383348
937266337
637607153
366501594
99417005
148864171
827807952
521856364
69187467
46886332
488663069
131742319
471150390
472537213
301802661
202681576
796865977
903246616
556374279
929168641
887348611
434339679
72082887
94238174
766950880
209409503
331684582
898523859
978257866
602669838
466234564
413846207
914859495
934032161
766436570
877786837
370133004
132259720
467087739
900204941
258727055
139876881
892852456
65887792
718086717
132588299
473352316
32352424
302878499
408012448
456176968
267466000
780104021
706823905
989937671
308563979
399835955
68624900
389249839
622525592
214082858
924107667
405592721
296750110
199035158
582526671
744404403
483999060
323134112
81741438
51918038
367402313
655963035
479666073
756470488
261699855
629752
777852230
81219393
225932800
558386712
707891119
217259884
840551796
528737005
245012478
36265555
693289668
820948631
979211968
527530253
207591267
239790240
699366922
133402534
112115737
784497153
731182959
887819911
226556046
876285354
658469575
555889151
710897547
951149348
651678012
681153038
966630511
330343547
760258468
307627879
294532511
385121742
864350505
778408776
147869135
800334230
267285202
103487321
570084528
6718397
119084407
922102131
373054897
785705104
776741443
239741131
583404302
216116427
309920558
783055592
177691074
221963365
766141106
481619806
568977350
990615887
633275855
667890206
475651704
562834524
151941892
242569724
933053529
416772602
591487097
224735019
22325001
861641912
859218600
710421959
303422329
19036816
90057754
620412553
461599442
579711669
783976584
342947394
80467967
573139662
307251325
73088136
599998654
502202135
465124281
425014908
220664583
341727463
310669175
783644566
79376536
838049690
500949793
851154049
320397695
724861685
330584893
619881095
767997208
609119132
258849863
402600948
35850022
428549072
610313366
65637086
20460631
2902866
964587747
540804241
77099708
364878744
934902110
611564410
592568070
986293210
135081909
515078871
706256337
784255079
302718247
250185212
653828948
3763034
342447256
949598233
494663270
225722727
251845337
811952913
140254381
538050827
29606767
227942540
726167462
296304355
790317990
733099120
371174107
91905661
234899856
346614189
174806120
170961644
758528490
672612561
271043700
970048
856897090
882586537
109561480
804811587
614689613
195365770
371000489
606652430
72159423
18906129
940039284
701850393
746236521
422123514
637810484
343167077
994970451
819462449
222974490
724619316
407074432
832593250
500370685
702740160
490438093
815596095
119617416
163536208
688699452
345198268
189541354
878285923
504143548
760741924
358678873
986084415
682043494
564326043
498476147
253528672
587477649
578114427
206197385
311461944
255976124
526509917
811554832
76764068
907502177
468472164
246898853
101517108
11966760
107095601
468851907
960165350
345624444
32897773
842493236
489286060
278136592
27068439
193697026
477403663
206981946
221720006
311458470
89928389
412033302
559220536
889215384
895644389
592225050
268958065
632446199
962431930
503305942
312366240
132543864
776604520
714533873
671513107
404536973
885042424
216610506
172225267
28673591
951593269
196189019
44189759
399224053
860073838
8685881
663947070
938585146
813891368
372367442
591462734
720465017
437001267
115384178
916484417
149770314
314115523
755716661
453534917
438824749
167926990
203459263
89216484
790497378
156290573
312681502
120102863
788541255
479921322
621478923
242882754
862982423
67878872
552396043
348167386
493239453
883707753
207817191
950573134
31209004
803826093
53356297
958073562
34425621
710398204
167470260
187274956
756962855
966468966
733334533
284936435
572788153
5709353
991947633
552284934
852339116
685358896
502852984
29088492
372863979
323478616
458341256
794113040
683332270
704136733
434485120
590991525
909868910
29079031
170975932
981556091
127621517
786351587
168059752
559604127
392426926
870448670
7011654
431410327
410234900
798695156
915827446
290354341
608119588
489840115
408479685
204694350
693763811
132623548
182278189
825529792
729051746
241531976
585359109
919104057
761132081
327359770
944673268
450235100
334983083
824349879
708399251
817946096
714221335
808244906
372887831
137434605
9413871
358525742
800609723
109441077
754861630
338533252
688815771
742025602
514060908
46161421
287994739
651873069
578703612
988696035
274424374
559682196
556073697
578342795
978229867
213651409
723956910
355375456
845726294
788316613
420515039
708340520
930825465
804282480
52779010
713979171
471445141
569542619
280192281
698760679
271355788
951235621
285979082
697900270
802979738
58145468
360654895
823003940
490414264
457079029
660658471
989884185
540911264
452454061
640101485
582533533
919049835
959089667
587535038
191966649
455912129
96448063
893729962
302734421
840873170
381195841
94518936
101635385
958366405
37037989
382938707
633359782
218731468
629466062
724420982
146970811
665815569
766620623
656688821
298452536
385770319
494091933
21558963
546946158
508257840
841485822
882466633
552596544
546748889
307399695
239787706
684516381
675950153
814313952
317937809
842115741
315254518
115661605
373431296
462121
960087918
19242539
833937357
856399775
639160730
785671672
678563698
568364348
678836564
550542026
126465681
312745115
362217159
85739835
659463711
146591171
507033221
477969377
813958211
437095965
380139729
543655827
747973183
767032065
450418874
454611515
730299112
517749399
152113895
698085951
427813668
386166318
384413480
45225362
372197168
552489306
342566035
72259207
345148272
69349917
786469481
327882210
807838048
394206350
304104078
580182568
557646772
919034631
783229664
263696441
939552080
696642478
731654743
647500403
633757070
871167580
275882879
49263132
405317894
554549467
40794210
796484626
530978385
487311818
24836331
876708139
911869327
897651026
145468181
952330132
15504962
442779615
121242493
32885250
744886108
337740158
878591826
438478249
701604284
483335448
792372074
79375511
467352484
420717466
494308431
663622051
994821314
710965141
366760698
49858771
597869507
1747086
773155324
974730726
459026315
107449914
817490270
736871409
746799058
226363245
467803275
139007292
611889115
812153031
786285292
174320467
896149736
530113609
220584963
78503983
588346026
582662437
698247264
527873233
94590756
669118310
558713739
118996904
995927934
903703524
882226124
632768998
687814922
103817787
336069896
631065877
163651395
514920727
457709425
366011354
155340785
374046622
233047447
563854779
307555467
899073561
682605629
951942450
782685135
796198764
322786690
255836654
53960580
27064271
364782663
647090909
49144184
810095012
207577774
25040227
776985921
281621113
569711397
782179521
721937951
866561029
182695375
705349313
315419366
803388051
68150821
735329367
170369355
88580109
956867206
510867482
685935640
589161414
382196816
49207359
263599361
505544795
73683717
772214550
914988426
272305571
55058201
38330654
416950965
108848821
672026045
422303253
967633224
315232736
297715317
88388318
386827500
500198433
524784027
